<?xml version="1.0" encoding="UTF-8"?>
<testsuite name="com.example.apilibrary.repository.api.AssetsRequestTest" tests="1" skipped="0" failures="0" errors="0" timestamp="2022-06-13T13:56:37" hostname="DESKTOP-HDFOCDN" time="2.334">
  <properties/>
  <testcase name="testApi" classname="com.example.apilibrary.repository.api.AssetsRequestTest" time="2.334"/>
  <system-out><![CDATA[]]></system-out>
  <system-err><![CDATA[]]></system-err>
</testsuite>
